-------------------------------------------------------------------------------
Test set: com.posgateway.aml.service.reporting.ReportGenerationServiceTest
-------------------------------------------------------------------------------
Tests run: 6, Failures: 1, Errors: 3, Skipped: 0, Time elapsed: 0.636 s <<< FAILURE! -- in com.posgateway.aml.service.reporting.ReportGenerationServiceTest
com.posgateway.aml.service.reporting.ReportGenerationServiceTest.getReportExecutionStatus_shouldReturnExecutionStatus -- Time elapsed: 0.501 s <<< ERROR!
org.mockito.exceptions.misusing.UnnecessaryStubbingException: 

Unnecessary stubbings detected.
Clean & maintainable test code requires zero unnecessary code.
Following stubbings are unnecessary (click to navigate to relevant line of code):
  1. -> at com.posgateway.aml.service.reporting.ReportGenerationServiceTest.getReportExecutionStatus_shouldReturnExecutionStatus(ReportGenerationServiceTest.java:160)
Please remove unnecessary stubbings or use 'lenient' strictness. More info: javadoc for UnnecessaryStubbingException class.
	at org.mockito.junit.jupiter.MockitoExtension.afterEach(MockitoExtension.java:192)
	at java.base/java.util.ArrayList.forEach(ArrayList.java:1511)
	at java.base/java.util.ArrayList.forEach(ArrayList.java:1511)

com.posgateway.aml.service.reporting.ReportGenerationServiceTest.generateReport_shouldCreatePendingExecution -- Time elapsed: 0.030 s <<< ERROR!
org.mockito.exceptions.misusing.UnnecessaryStubbingException: 

Unnecessary stubbings detected.
Clean & maintainable test code requires zero unnecessary code.
Following stubbings are unnecessary (click to navigate to relevant line of code):
  1. -> at com.posgateway.aml.service.reporting.ReportGenerationServiceTest.generateReport_shouldCreatePendingExecution(ReportGenerationServiceTest.java:109)
  2. -> at com.posgateway.aml.service.reporting.ReportGenerationServiceTest.generateReport_shouldCreatePendingExecution(ReportGenerationServiceTest.java:110)
Please remove unnecessary stubbings or use 'lenient' strictness. More info: javadoc for UnnecessaryStubbingException class.
	at org.mockito.junit.jupiter.MockitoExtension.afterEach(MockitoExtension.java:192)
	at java.base/java.util.ArrayList.forEach(ArrayList.java:1511)
	at java.base/java.util.ArrayList.forEach(ArrayList.java:1511)

com.posgateway.aml.service.reporting.ReportGenerationServiceTest.previewReport_shouldThrowExceptionForInvalidReportType -- Time elapsed: 0.018 s <<< FAILURE!
org.opentest4j.AssertionFailedError: Unexpected exception type thrown, expected: <java.lang.IllegalArgumentException> but was: <java.lang.RuntimeException>
	at org.junit.jupiter.api.AssertionFailureBuilder.build(AssertionFailureBuilder.java:151)
	at org.junit.jupiter.api.AssertThrows.assertThrows(AssertThrows.java:67)
	at org.junit.jupiter.api.AssertThrows.assertThrows(AssertThrows.java:35)
	at org.junit.jupiter.api.Assertions.assertThrows(Assertions.java:3115)
	at com.posgateway.aml.service.reporting.ReportGenerationServiceTest.previewReport_shouldThrowExceptionForInvalidReportType(ReportGenerationServiceTest.java:149)
	at java.base/java.lang.reflect.Method.invoke(Method.java:569)
	at java.base/java.util.ArrayList.forEach(ArrayList.java:1511)
	at java.base/java.util.ArrayList.forEach(ArrayList.java:1511)
Caused by: java.lang.RuntimeException: Failed to generate report preview: Report type not found: INVALID_REPORT
	at com.posgateway.aml.service.reporting.ReportGenerationService.previewReport(ReportGenerationService.java:233)
	at com.posgateway.aml.service.reporting.ReportGenerationServiceTest.lambda$previewReport_shouldThrowExceptionForInvalidReportType$1(ReportGenerationServiceTest.java:150)
	at org.junit.jupiter.api.AssertThrows.assertThrows(AssertThrows.java:53)
	... 6 more
Caused by: java.lang.IllegalArgumentException: Report type not found: INVALID_REPORT
	at com.posgateway.aml.service.reporting.ReportGenerationService.lambda$previewReport$3(ReportGenerationService.java:198)
	at java.base/java.util.Optional.orElseThrow(Optional.java:403)
	at com.posgateway.aml.service.reporting.ReportGenerationService.previewReport(ReportGenerationService.java:198)
	... 8 more

com.posgateway.aml.service.reporting.ReportGenerationServiceTest.previewReport_shouldReturnPreviewData -- Time elapsed: 0.033 s <<< ERROR!
java.lang.RuntimeException: Failed to generate report preview: Query execution failed: Cannot invoke "jakarta.persistence.Query.setParameter(String, Object)" because "query" is null
	at com.posgateway.aml.service.reporting.ReportGenerationService.previewReport(ReportGenerationService.java:233)
	at com.posgateway.aml.service.reporting.ReportGenerationServiceTest.previewReport_shouldReturnPreviewData(ReportGenerationServiceTest.java:134)
	at java.base/java.lang.reflect.Method.invoke(Method.java:569)
	at java.base/java.util.ArrayList.forEach(ArrayList.java:1511)
	at java.base/java.util.ArrayList.forEach(ArrayList.java:1511)
Caused by: java.lang.RuntimeException: Query execution failed: Cannot invoke "jakarta.persistence.Query.setParameter(String, Object)" because "query" is null
	at com.posgateway.aml.service.reporting.ReportGenerationService.executeDynamicQuery(ReportGenerationService.java:330)
	at com.posgateway.aml.service.reporting.ReportGenerationService.previewReport(ReportGenerationService.java:210)
	... 4 more
Caused by: java.lang.NullPointerException: Cannot invoke "jakarta.persistence.Query.setParameter(String, Object)" because "query" is null
	at com.posgateway.aml.service.reporting.ReportGenerationService.executeDynamicQuery(ReportGenerationService.java:316)
	... 5 more

