-------------------------------------------------------------------------------
Test set: com.posgateway.aml.service.reporting.RegulatorySubmissionServiceTest
-------------------------------------------------------------------------------
Tests run: 16, Failures: 1, Errors: 1, Skipped: 0, Time elapsed: 0.401 s <<< FAILURE! -- in com.posgateway.aml.service.reporting.RegulatorySubmissionServiceTest
com.posgateway.aml.service.reporting.RegulatorySubmissionServiceTest.submitToFinCEN_shouldFileApprovedSubmission -- Time elapsed: 0.245 s <<< ERROR!
java.util.NoSuchElementException: No value present
	at java.base/java.util.Optional.orElseThrow(Optional.java:377)
	at com.posgateway.aml.service.reporting.RegulatorySubmissionService.findOrCreateSubmission(RegulatorySubmissionService.java:454)
	at com.posgateway.aml.service.reporting.RegulatorySubmissionService.submitToFinCEN(RegulatorySubmissionService.java:113)
	at com.posgateway.aml.service.reporting.RegulatorySubmissionServiceTest.submitToFinCEN_shouldFileApprovedSubmission(RegulatorySubmissionServiceTest.java:123)
	at java.base/java.lang.reflect.Method.invoke(Method.java:569)
	at java.base/java.util.ArrayList.forEach(ArrayList.java:1511)
	at java.base/java.util.ArrayList.forEach(ArrayList.java:1511)

com.posgateway.aml.service.reporting.RegulatorySubmissionServiceTest.submitToFinCEN_shouldThrowExceptionForDraftStatus -- Time elapsed: 0.019 s <<< FAILURE!
org.opentest4j.AssertionFailedError: Unexpected exception type thrown, expected: <java.lang.IllegalStateException> but was: <java.util.NoSuchElementException>
	at org.junit.jupiter.api.AssertionFailureBuilder.build(AssertionFailureBuilder.java:151)
	at org.junit.jupiter.api.AssertThrows.assertThrows(AssertThrows.java:67)
	at org.junit.jupiter.api.AssertThrows.assertThrows(AssertThrows.java:35)
	at org.junit.jupiter.api.Assertions.assertThrows(Assertions.java:3115)
	at com.posgateway.aml.service.reporting.RegulatorySubmissionServiceTest.submitToFinCEN_shouldThrowExceptionForDraftStatus(RegulatorySubmissionServiceTest.java:143)
	at java.base/java.lang.reflect.Method.invoke(Method.java:569)
	at java.base/java.util.ArrayList.forEach(ArrayList.java:1511)
	at java.base/java.util.ArrayList.forEach(ArrayList.java:1511)
Caused by: java.util.NoSuchElementException: No value present
	at java.base/java.util.Optional.orElseThrow(Optional.java:377)
	at com.posgateway.aml.service.reporting.RegulatorySubmissionService.findOrCreateSubmission(RegulatorySubmissionService.java:454)
	at com.posgateway.aml.service.reporting.RegulatorySubmissionService.submitToFinCEN(RegulatorySubmissionService.java:113)
	at com.posgateway.aml.service.reporting.RegulatorySubmissionServiceTest.lambda$submitToFinCEN_shouldThrowExceptionForDraftStatus$1(RegulatorySubmissionServiceTest.java:144)
	at org.junit.jupiter.api.AssertThrows.assertThrows(AssertThrows.java:53)
	... 6 more

