<?xml version="1.0" encoding="UTF-8"?>
<testsuite xmlns:xsi="http://www.w3.org/2001/XMLSchema-instance" xsi:noNamespaceSchemaLocation="https://maven.apache.org/surefire/maven-surefire-plugin/xsd/surefire-test-report-3.0.xsd" version="3.0" name="com.posgateway.aml.service.reporting.RegulatorySubmissionServiceTest" time="0.401" tests="16" errors="1" skipped="0" failures="1">
  <properties>
[...]
</properties>
  <testcase name="submitToFinCEN_shouldFileApprovedSubmission" classname="com.posgateway.aml.service.reporting.RegulatorySubmissionServiceTest" time="0.245">
    <error message="No value present" type="java.util.NoSuchElementException"><![CDATA[java.util.NoSuchElementException: No value present
	at java.base/java.util.Optional.orElseThrow(Optional.java:377)
	at com.posgateway.aml.service.reporting.RegulatorySubmissionService.findOrCreateSubmission(RegulatorySubmissionService.java:454)
	at com.posgateway.aml.service.reporting.RegulatorySubmissionService.submitToFinCEN(RegulatorySubmissionService.java:113)
	at com.posgateway.aml.service.reporting.RegulatorySubmissionServiceTest.submitToFinCEN_shouldFileApprovedSubmission(RegulatorySubmissionServiceTest.java:123)
	at java.base/java.lang.reflect.Method.invoke(Method.java:569)
	at java.base/java.util.ArrayList.forEach(ArrayList.java:1511)
	at java.base/java.util.ArrayList.forEach(ArrayList.java:1511)
]]></error>
    <system-out><![CDATA[11:26:17.001 [main] INFO com.posgateway.aml.service.reporting.RegulatorySubmissionService -- Submitting to FinCEN - report: 1, user: 1
11:26:17.003 [main] INFO com.posgateway.aml.service.reporting.RegulatorySubmissionService -- Preparing submission for report: 1, regulator: FINCEN, user: 1
11:26:17.010 [main] INFO com.posgateway.aml.service.reporting.RegulatorySubmissionService -- Submission prepared: FIN-20240301-ABC123
]]></system-out>
  </testcase>
  <testcase name="updateSubmissionStatus_shouldTransitionStatus" classname="com.posgateway.aml.service.reporting.RegulatorySubmissionServiceTest" time="0.008">
    <system-out><![CDATA[11:26:17.044 [main] INFO com.posgateway.aml.service.reporting.RegulatorySubmissionService -- Updating submission 1 status to PENDING_REVIEW
]]></system-out>
  </testcase>
  <testcase name="amendSubmission_shouldCreateAmendedSubmission" classname="com.posgateway.aml.service.reporting.RegulatorySubmissionServiceTest" time="0.011">
    <system-out><![CDATA[11:26:17.057 [main] INFO com.posgateway.aml.service.reporting.RegulatorySubmissionService -- Creating amended submission for: 1
11:26:17.059 [main] INFO com.posgateway.aml.service.reporting.RegulatorySubmissionService -- Amended submission created: FIN-20240301-XYZ789
]]></system-out>
  </testcase>
  <testcase name="isLateFiling_shouldReturnCorrectValue" classname="com.posgateway.aml.service.reporting.RegulatorySubmissionServiceTest" time="0.006"/>
  <testcase name="prepareSubmission_shouldThrowExceptionForInvalidRegulator" classname="com.posgateway.aml.service.reporting.RegulatorySubmissionServiceTest" time="0.007">
    <system-out><![CDATA[11:26:17.076 [main] INFO com.posgateway.aml.service.reporting.RegulatorySubmissionService -- Preparing submission for report: 1, regulator: INVALID_REGULATOR, user: 1
]]></system-out>
  </testcase>
  <testcase name="prepareSubmission_shouldCreateDraftSubmission" classname="com.posgateway.aml.service.reporting.RegulatorySubmissionServiceTest" time="0.008">
    <system-out><![CDATA[11:26:17.088 [main] INFO com.posgateway.aml.service.reporting.RegulatorySubmissionService -- Preparing submission for report: 1, regulator: FINCEN, user: 1
11:26:17.089 [main] INFO com.posgateway.aml.service.reporting.RegulatorySubmissionService -- Submission prepared: FIN-20240301-ABC123
]]></system-out>
  </testcase>
  <testcase name="amendSubmission_shouldThrowExceptionForUnfiledSubmission" classname="com.posgateway.aml.service.reporting.RegulatorySubmissionServiceTest" time="0.007">
    <system-out><![CDATA[11:26:17.099 [main] INFO com.posgateway.aml.service.reporting.RegulatorySubmissionService -- Creating amended submission for: 1
]]></system-out>
  </testcase>
  <testcase name="canFile_shouldReturnTrueForApproved" classname="com.posgateway.aml.service.reporting.RegulatorySubmissionServiceTest" time="0.003"/>
  <testcase name="deleteSubmission_shouldThrowExceptionForFiledSubmission" classname="com.posgateway.aml.service.reporting.RegulatorySubmissionServiceTest" time="0.006">
    <system-out><![CDATA[11:26:17.111 [main] INFO com.posgateway.aml.service.reporting.RegulatorySubmissionService -- Deleting submission: 1
]]></system-out>
  </testcase>
  <testcase name="deleteSubmission_shouldRemoveDraftSubmission" classname="com.posgateway.aml.service.reporting.RegulatorySubmissionServiceTest" time="0.007">
    <system-out><![CDATA[11:26:17.119 [main] INFO com.posgateway.aml.service.reporting.RegulatorySubmissionService -- Deleting submission: 1
11:26:17.119 [main] INFO com.posgateway.aml.service.reporting.RegulatorySubmissionService -- Submission deleted: 1
]]></system-out>
  </testcase>
  <testcase name="trackSubmissionStatus_shouldReturnSubmission" classname="com.posgateway.aml.service.reporting.RegulatorySubmissionServiceTest" time="0.006"/>
  <testcase name="canEdit_shouldReturnTrueForDraft" classname="com.posgateway.aml.service.reporting.RegulatorySubmissionServiceTest" time="0.004"/>
  <testcase name="updateSubmissionStatus_shouldApproveFromPendingReview" classname="com.posgateway.aml.service.reporting.RegulatorySubmissionServiceTest" time="0.01">
    <system-out><![CDATA[11:26:17.144 [main] INFO com.posgateway.aml.service.reporting.RegulatorySubmissionService -- Updating submission 1 status to APPROVED
]]></system-out>
  </testcase>
  <testcase name="submitToFinCEN_shouldThrowExceptionForDraftStatus" classname="com.posgateway.aml.service.reporting.RegulatorySubmissionServiceTest" time="0.019">
    <failure message="Unexpected exception type thrown, expected: &lt;java.lang.IllegalStateException&gt; but was: &lt;java.util.NoSuchElementException&gt;" type="org.opentest4j.AssertionFailedError"><![CDATA[org.opentest4j.AssertionFailedError: Unexpected exception type thrown, expected: <java.lang.IllegalStateException> but was: <java.util.NoSuchElementException>
	at org.junit.jupiter.api.AssertionFailureBuilder.build(AssertionFailureBuilder.java:151)
	at org.junit.jupiter.api.AssertThrows.assertThrows(AssertThrows.java:67)
	at org.junit.jupiter.api.AssertThrows.assertThrows(AssertThrows.java:35)
	at org.junit.jupiter.api.Assertions.assertThrows(Assertions.java:3115)
	at com.posgateway.aml.service.reporting.RegulatorySubmissionServiceTest.submitToFinCEN_shouldThrowExceptionForDraftStatus(RegulatorySubmissionServiceTest.java:143)
	at java.base/java.lang.reflect.Method.invoke(Method.java:569)
	at java.base/java.util.ArrayList.forEach(ArrayList.java:1511)
	at java.base/java.util.ArrayList.forEach(ArrayList.java:1511)
Caused by: java.util.NoSuchElementException: No value present
	at java.base/java.util.Optional.orElseThrow(Optional.java:377)
	at com.posgateway.aml.service.reporting.RegulatorySubmissionService.findOrCreateSubmission(RegulatorySubmissionService.java:454)
	at com.posgateway.aml.service.reporting.RegulatorySubmissionService.submitToFinCEN(RegulatorySubmissionService.java:113)
	at com.posgateway.aml.service.reporting.RegulatorySubmissionServiceTest.lambda$submitToFinCEN_shouldThrowExceptionForDraftStatus$1(RegulatorySubmissionServiceTest.java:144)
	at org.junit.jupiter.api.AssertThrows.assertThrows(AssertThrows.java:53)
	... 6 more
]]></failure>
    <system-out><![CDATA[11:26:17.155 [main] INFO com.posgateway.aml.service.reporting.RegulatorySubmissionService -- Submitting to FinCEN - report: 1, user: 1
11:26:17.156 [main] INFO com.posgateway.aml.service.reporting.RegulatorySubmissionService -- Preparing submission for report: 1, regulator: FINCEN, user: 1
11:26:17.159 [main] INFO com.posgateway.aml.service.reporting.RegulatorySubmissionService -- Submission prepared: FIN-20240301-ABC123
]]></system-out>
  </testcase>
  <testcase name="listSubmissions_shouldReturnPageOfSubmissions" classname="com.posgateway.aml.service.reporting.RegulatorySubmissionServiceTest" time="0.004"/>
  <testcase name="getSubmissionById_shouldReturnSubmission" classname="com.posgateway.aml.service.reporting.RegulatorySubmissionServiceTest" time="0.005"/>
</testsuite>